c:\users\usuario\source\repos\tb1_algoritmos\tb1_algoritmos\x64\debug\tb1_algoritmos.pch
c:\users\usuario\source\repos\tb1_algoritmos\tb1_algoritmos\x64\debug\vc143.pdb
c:\users\usuario\source\repos\tb1_algoritmos\tb1_algoritmos\x64\debug\pch.obj
c:\users\usuario\source\repos\tb1_algoritmos\tb1_algoritmos\x64\debug\tb1_algoritmos.obj
c:\users\usuario\source\repos\tb1_algoritmos\tb1_algoritmos\x64\debug\assemblyinfo.obj
c:\users\usuario\source\repos\tb1_algoritmos\tb1_algoritmos\x64\debug\.netframework,version=v4.7.2.assemblyattributes.obj
c:\users\usuario\source\repos\tb1_algoritmos\x64\debug\tb1_algoritmos.exe
c:\users\usuario\source\repos\tb1_algoritmos\x64\debug\tb1_algoritmos.pdb
c:\users\usuario\source\repos\tb1_algoritmos\tb1_algoritmos\x64\debug\app.res
c:\users\usuario\source\repos\tb1_algoritmos\tb1_algoritmos\x64\debug\tb1_algoritmos.tlog\cl.command.1.tlog
c:\users\usuario\source\repos\tb1_algoritmos\tb1_algoritmos\x64\debug\tb1_algoritmos.tlog\cl.items.tlog
c:\users\usuario\source\repos\tb1_algoritmos\tb1_algoritmos\x64\debug\tb1_algoritmos.tlog\cl.read.1.tlog
c:\users\usuario\source\repos\tb1_algoritmos\tb1_algoritmos\x64\debug\tb1_algoritmos.tlog\cl.write.1.tlog
c:\users\usuario\source\repos\tb1_algoritmos\tb1_algoritmos\x64\debug\tb1_algoritmos.tlog\link.command.1.tlog
c:\users\usuario\source\repos\tb1_algoritmos\tb1_algoritmos\x64\debug\tb1_algoritmos.tlog\link.read.1.tlog
c:\users\usuario\source\repos\tb1_algoritmos\tb1_algoritmos\x64\debug\tb1_algoritmos.tlog\link.secondary.1.tlog
c:\users\usuario\source\repos\tb1_algoritmos\tb1_algoritmos\x64\debug\tb1_algoritmos.tlog\link.write.1.tlog
c:\users\usuario\source\repos\tb1_algoritmos\tb1_algoritmos\x64\debug\tb1_algoritmos.tlog\metagen.read.1.tlog
c:\users\usuario\source\repos\tb1_algoritmos\tb1_algoritmos\x64\debug\tb1_algoritmos.tlog\metagen.write.1.tlog
c:\users\usuario\source\repos\tb1_algoritmos\tb1_algoritmos\x64\debug\tb1_algoritmos.tlog\rc.command.1.tlog
c:\users\usuario\source\repos\tb1_algoritmos\tb1_algoritmos\x64\debug\tb1_algoritmos.tlog\rc.read.1.tlog
c:\users\usuario\source\repos\tb1_algoritmos\tb1_algoritmos\x64\debug\tb1_algoritmos.tlog\rc.write.1.tlog
